g:\projects\visual studio\lab1\lab1\debug\lab1.pch
g:\projects\visual studio\lab1\lab1\debug\vc140.pdb
g:\projects\visual studio\lab1\lab1\debug\vc140.idb
g:\projects\visual studio\lab1\lab1\debug\stdafx.obj
g:\projects\visual studio\lab1\lab1\debug\ishape.obj
g:\projects\visual studio\lab1\lab1\debug\triangle.obj
g:\projects\visual studio\lab1\lab1\debug\ссircle.obj
g:\projects\visual studio\lab1\lab1\debug\rectangle.obj
g:\projects\visual studio\lab1\lab1\debug\lab1.obj
g:\projects\visual studio\lab1\lab1\debug\ccircle.obj
g:\projects\visual studio\lab1\lab1\debug\circle.obj
g:\projects\visual studio\lab1\lab1\debug\main.obj
g:\projects\visual studio\lab1\lab1\debug\faceted.obj
g:\projects\visual studio\lab1\debug\lab1.ilk
g:\projects\visual studio\lab1\debug\lab1.exe
g:\projects\visual studio\lab1\debug\lab1.pdb
g:\projects\visual studio\lab1\lab1\debug\lab1.tlog\cl.command.1.tlog
g:\projects\visual studio\lab1\lab1\debug\lab1.tlog\cl.read.1.tlog
g:\projects\visual studio\lab1\lab1\debug\lab1.tlog\cl.write.1.tlog
g:\projects\visual studio\lab1\lab1\debug\lab1.tlog\link.command.1.tlog
g:\projects\visual studio\lab1\lab1\debug\lab1.tlog\link.read.1.tlog
g:\projects\visual studio\lab1\lab1\debug\lab1.tlog\link.write.1.tlog
